  Main.cpp
  shader.cpp
  Generando código...
Main.obj : error LNK2019: símbolo externo __imp_glewInit sin resolver al que se hace referencia en la función main
Main.obj : error LNK2001: símbolo externo __imp___glewBindBuffer sin resolver
Main.obj : error LNK2001: símbolo externo __imp___glewBufferData sin resolver
Main.obj : error LNK2001: símbolo externo __imp___glewDeleteBuffers sin resolver
Main.obj : error LNK2001: símbolo externo __imp___glewGenBuffers sin resolver
Main.obj : error LNK2001: símbolo externo __imp___glewDeleteProgram sin resolver
Main.obj : error LNK2001: símbolo externo __imp___glewDisableVertexAttribArray sin resolver
Main.obj : error LNK2001: símbolo externo __imp___glewEnableVertexAttribArray sin resolver
Main.obj : error LNK2001: símbolo externo __imp___glewUseProgram sin resolver
Main.obj : error LNK2001: símbolo externo __imp___glewVertexAttribPointer sin resolver
Main.obj : error LNK2001: símbolo externo __imp___glewBindVertexArray sin resolver
Main.obj : error LNK2001: símbolo externo __imp___glewDeleteVertexArrays sin resolver
Main.obj : error LNK2001: símbolo externo __imp___glewGenVertexArrays sin resolver
Main.obj : error LNK2001: símbolo externo __imp_glewExperimental sin resolver
shader.obj : error LNK2001: símbolo externo __imp___glewAttachShader sin resolver
shader.obj : error LNK2001: símbolo externo __imp___glewCompileShader sin resolver
shader.obj : error LNK2001: símbolo externo __imp___glewCreateProgram sin resolver
shader.obj : error LNK2001: símbolo externo __imp___glewCreateShader sin resolver
shader.obj : error LNK2001: símbolo externo __imp___glewDeleteShader sin resolver
shader.obj : error LNK2001: símbolo externo __imp___glewDetachShader sin resolver
shader.obj : error LNK2001: símbolo externo __imp___glewGetProgramInfoLog sin resolver
shader.obj : error LNK2001: símbolo externo __imp___glewGetProgramiv sin resolver
shader.obj : error LNK2001: símbolo externo __imp___glewGetShaderInfoLog sin resolver
shader.obj : error LNK2001: símbolo externo __imp___glewGetShaderiv sin resolver
shader.obj : error LNK2001: símbolo externo __imp___glewLinkProgram sin resolver
shader.obj : error LNK2001: símbolo externo __imp___glewShaderSource sin resolver
D:\Documents\Cursos\Computación Gráfica - CCOMP7-1\Trabajos Computacion Grafica\sierpinski\x64\Debug\sierpinski.exe : fatal error LNK1120: 26 externos sin resolver
